Using pre-set license
Built from '2022.1/staging' branch; Version is '2022.1.23f1 (9636b062134a) revision 9844400'; Using compiler version '192829333'; Build Type 'Release'
OS: 'Windows 11  (10.0.22621) 64bit CoreSingleLanguage' Language: 'pt' Physical Memory: 3979 MB
BatchMode: 1, IsHumanControllingUs: 0, StartBugReporterOnCrash: 0, Is64bit: 1, IsPro: 1

COMMAND LINE ARGUMENTS:
C:\Program Files\Unity\Hub\Editor\2022.1.23f1\Editor\Unity.exe
-adb2
-batchMode
-noUpm
-name
AssetImportWorker147
-projectPath
C:/Users/rapha/OneDrive/Documentos/OMG! Drones/OMG! Drones
-logFile
Logs/AssetImportWorker147.log
-srvPort
64625
Successfully changed project path to: C:/Users/rapha/OneDrive/Documentos/OMG! Drones/OMG! Drones
C:/Users/rapha/OneDrive/Documentos/OMG! Drones/OMG! Drones
[UnityMemory] Configuration Parameters - Can be set up in boot.config
    "memorysetup-bucket-allocator-granularity=16"
    "memorysetup-bucket-allocator-bucket-count=8"
    "memorysetup-bucket-allocator-block-size=33554432"
    "memorysetup-bucket-allocator-block-count=8"
    "memorysetup-main-allocator-block-size=16777216"
    "memorysetup-thread-allocator-block-size=16777216"
    "memorysetup-gfx-main-allocator-block-size=16777216"
    "memorysetup-gfx-thread-allocator-block-size=16777216"
    "memorysetup-cache-allocator-block-size=4194304"
    "memorysetup-typetree-allocator-block-size=2097152"
    "memorysetup-profiler-bucket-allocator-granularity=16"
    "memorysetup-profiler-bucket-allocator-bucket-count=8"
    "memorysetup-profiler-bucket-allocator-block-size=33554432"
    "memorysetup-profiler-bucket-allocator-block-count=8"
    "memorysetup-profiler-allocator-block-size=16777216"
    "memorysetup-profiler-editor-allocator-block-size=1048576"
    "memorysetup-temp-allocator-size-main=16777216"
    "memorysetup-job-temp-allocator-block-size=2097152"
    "memorysetup-job-temp-allocator-block-size-background=1048576"
    "memorysetup-job-temp-allocator-reduction-small-platforms=262144"
    "memorysetup-temp-allocator-size-background-worker=32768"
    "memorysetup-temp-allocator-size-job-worker=262144"
    "memorysetup-temp-allocator-size-preload-manager=33554432"
    "memorysetup-temp-allocator-size-nav-mesh-worker=65536"
    "memorysetup-temp-allocator-size-audio-worker=65536"
    "memorysetup-temp-allocator-size-cloud-worker=32768"
    "memorysetup-temp-allocator-size-gi-baking-worker=262144"
    "memorysetup-temp-allocator-size-gfx=262144"
mdb reader table full -> cleaning up stale readers. Current readers:
    pid     thread     txnid
      7948 2b40 -
      7948 23c0 -
      7948 b0c -
      6912 2390 -
     10540 2a78 -
      7948 1014 -
      7948 1a2c -
     11704 2dbc -
      7828 1f58 1095
     11120 1984 -
     11344 2c4c 1103
     11904 2e84 -
     12208 2fb4 -
      9344 26bc -
      2376 e3c 1111
     12028 2f1c -
      6084 b54 -
     11740 2880 -
      5568 28cc -
      5072 f4c -
      8376 2f44 -
     10608 1b8c 1123
     12020 1a08 -
     12284 2364 -
      1848 287c -
      1796 2e90 -
      9840 2dfc 1128
     10296 20d0 -
      2872 28d0 -
     12156 2ecc 1131
      3892 2da0 -
      2188 2f70 -
     11088 2e04 -
      7576 2ff4 -
     10544 9d0 -
      2220 2228 -
     11228 2b60 -
     10904 1b18 -
      9068 25ac -
      5956 1494 -
      4156 2c54 -
      8068 2e20 1168
     11928 269c -
     11496 2858 -
     11528 cb4 1171
      2108 25f8 1172
     11976 17c0 1173
     12816 3214 1174
      9860 3048 1177
      1096 2a10 1179
      9176 294c 1190
     12308 3114 -
     11632 24a8 -
      1232 1e14 1194
     12512 32cc 1195
     11472 3360 1196
      3296 1574 -
     12764 3314 -
     11024 3344 -
     12380 768 -
      5852 25f4 1213
     12456 3244 1221
      1128 15b4 1224
     12056 33c8 1225
     12772 10f8 -
     11404 30c4 -
      7260 1640 -
     12524 32b4 1236
     13120 1730 -
      1980 3128 -
     12108 31a0 -
     12452 2e4c -
     12148 1f28 -
      7396 320 1262
     11796 3094 -
      7448 210c 1266
     12448 30f0 -
     11372 30c8 -
      2516 2d4c 1270
      7860 1430 1272
     11732 1aac -
     14080 3704 -
     12728 2128 -
     13492 2e74 -
      9348 3450 -
      8428 35fc -
      8328 2ea8 -
     14184 3534 1297
     14004 17a8 -
     13956 37f0 -
     14160 37cc -
     10612 36f0 -
     12768 3058 1304
     13496 1870 -
     13384 361c -
      5088 37fc -
      4208 3348 -
     13416 2ed8 -
     14000 315c -
     13932 2c24 -
     13936 2fe4 1312
     13696 291c 1313
     11392 3424 -
      5748 360c -
     10760 2edc -
      9400 3254 -
     13840 2f8c -
     13456 1e00 -
     14712 397c -
     14488 386c 1334
     15052 3ad8 -
      8404 33ec -
     10928 390c -
      8556 3560 -
     15340 3bd4 -
     14596 38e0 -
     13736 3b18 -
     12064 21d0 -
     13488 3100 -
     13428 3578 -
     15180 3848 -
     14764 3ba0 -
      1404 3a70 -
     14656 39bc -
     15356 3870 -
     15216 3498 -
Cleaned out 121 stale readers
Refreshing native plugins compatible for Editor in 704.89 ms, found 4 plugins.
Preloading 0 native plugins for Editor in 0.00 ms.
Initialize engine version: 2022.1.23f1 (9636b062134a)
[Subsystems] Discovering subsystems at path C:/Program Files/Unity/Hub/Editor/2022.1.23f1/Editor/Data/Resources/UnitySubsystems
[Subsystems] Discovering subsystems at path C:/Users/rapha/OneDrive/Documentos/OMG! Drones/OMG! Drones/Assets
GfxDevice: creating device client; threaded=0; jobified=0
Direct3D:
    Version:  Direct3D 11.0 [level 10.1]
    Renderer: Intel(R) HD Graphics 3000 (ID=0x116)
    Vendor:   Intel
    VRAM:     128 MB
    Driver:   9.17.10.4459
Initialize mono
Mono path[0] = 'C:/Program Files/Unity/Hub/Editor/2022.1.23f1/Editor/Data/Managed'
Mono path[1] = 'C:/Program Files/Unity/Hub/Editor/2022.1.23f1/Editor/Data/MonoBleedingEdge/lib/mono/unityjit-win32'
Mono config path = 'C:/Program Files/Unity/Hub/Editor/2022.1.23f1/Editor/Data/MonoBleedingEdge/etc'
Using monoOptions --debugger-agent=transport=dt_socket,embedding=1,server=y,suspend=n,address=127.0.0.1:56472
Begin MonoManager ReloadAssembly
Registering precompiled unity dll's ...
Register platform support module: C:/Program Files/Unity/Hub/Editor/2022.1.23f1/Editor/Data/PlaybackEngines/WebGLSupport/UnityEditor.WebGL.Extensions.dll
Register platform support module: C:/Program Files/Unity/Hub/Editor/2022.1.23f1/Editor/Data/PlaybackEngines/AndroidPlayer/UnityEditor.Android.Extensions.dll
Register platform support module: C:/Program Files/Unity/Hub/Editor/2022.1.23f1/Editor/Data/PlaybackEngines/WindowsStandaloneSupport/UnityEditor.WindowsStandalone.Extensions.dll
Register platform support module: C:/Program Files/Unity/Hub/Editor/2022.1.23f1/Editor/Data/PlaybackEngines/LinuxStandaloneSupport/UnityEditor.LinuxStandalone.Extensions.dll
Register platform support module: C:/Program Files/Unity/Hub/Editor/2022.1.23f1/Editor/Data/PlaybackEngines/MetroSupport/UnityEditor.UWP.Extensions.dll
Registered in 0.120214 seconds.
Native extension for UWP target not found
Native extension for LinuxStandalone target not found
Native extension for WindowsStandalone target not found
Native extension for Android target not found
Native extension for WebGL target not found
Refreshing native plugins compatible for Editor in 1067.79 ms, found 4 plugins.
Preloading 0 native plugins for Editor in 0.00 ms.
Mono: successfully reloaded assembly
- Completed reload, in  9.591 seconds
Domain Reload Profiling:
	ReloadAssembly (9593ms)
		BeginReloadAssembly (590ms)
			ExecutionOrderSort (0ms)
			DisableScriptedObjects (0ms)
			BackupInstance (0ms)
			ReleaseScriptingObjects (0ms)
			CreateAndSetChildDomain (7ms)
		EndReloadAssembly (6642ms)
			LoadAssemblies (663ms)
			RebuildTransferFunctionScriptingTraits (0ms)
			SetupTypeCache (1494ms)
				TypeCache.Initialize (1491ms)
					TypeCache.ScanAssembly (1482ms)
				ResolveRequiredComponents (3ms)
			ReleaseScriptCaches (0ms)
			RebuildScriptCaches (580ms)
			SetupLoadedEditorAssemblies (3864ms)
				LogAssemblyErrors (0ms)
				InitializePlatformSupportModulesInManaged (579ms)
				SetLoadedEditorAssemblies (158ms)
				RefreshPlugins (1068ms)
				BeforeProcessingInitializeOnLoad (61ms)
				ProcessInitializeOnLoadAttributes (1454ms)
				ProcessInitializeOnLoadMethodAttributes (542ms)
				AfterProcessingInitializeOnLoad (0ms)
				EditorAssembliesLoaded (1ms)
			ExecutionOrderSort2 (0ms)
			AwakeInstancesAfterBackupRestoration (0ms)
Platform modules already initialized, skipping
Registering precompiled user dll's ...
Registered in 0.036361 seconds.
Android Extension - Scanning For ADB Devices 12122 ms
